adduser.conf
adjtime
alsa
alternatives
anacrontab
apache2
apg.conf
apparmor
apparmor.d
appstream.conf
apt
avahi
bash.bashrc
bash_completion
bash_completion.d
bindresvport.blacklist
binfmt.d
bluetooth
bogofilter.cf
ca-certificates
ca-certificates.conf
ca-certificates.conf.dpkg-old
catdocrc
chatscripts
chromium
cni
console-setup
containerd
cracklib
cron.d
cron.daily
cron.hourly
cron.monthly
crontab
cron.weekly
cron.yearly
cups
cupshelpers
dbus-1
dconf
debconf.conf
debian_version
default
deluser.conf
dhcp
dictionaries-common
discover.conf.d
discover-modprobe.conf
docker
dpkg
e2scrub.conf
emacs
environment
environment.d
ethertypes
firefox-esr
fonts
fstab
fuse.conf
fwupd
gai.conf
gdm3
geoclue
ghostscript
glvnd
gnome
gnome-chess
gprofng.rc
groff
group
group-
grub.d
gshadow
gshadow-
gss
gtk-2.0
gtk-3.0
host.conf
hostname
hosts
hosts.allow
hosts.deny
ifplugd
ImageMagick-6
init.d
initramfs-tools
inputrc
insserv.conf.d
inxi.conf
ipp-usb
iproute2
issue
issue.net
kernel
kernel-img.conf
ldap
ld.so.cache
ld.so.conf
ld.so.conf.d
libao.conf
libaudit.conf
libblockdev
libnl-3
libpaper.d
libreoffice
lighttpd
locale.alias
locale.gen
localtime
logcheck
login.defs
logrotate.conf
logrotate.d
lvm
lynx
machine-id
magic
magic.mime
mailcap
mailcap.order
manpath.config
mime.types
mke2fs.conf
ModemManager
modprobe.d
modules
modules-load.d
motd
mtab
nanorc
needrestart
netconfig
netscsid.conf
network
NetworkManager
networks
nftables.conf
nsswitch.conf
odoo
openal
openni2
opt
os-release
PackageKit
pam.conf
pam.d
papersize
passwd
passwd-
perl
pki
plymouth
polkit-1
postgresql
postgresql-common
ppp
profile
profile.d
protocols
pulse
purple
python3
python3.11
rc0.d
rc1.d
rc2.d
rc3.d
rc4.d
rc5.d
rc6.d
rcS.d
reportbug.conf
resolv.conf
rmt
rpc
runit
rygel.conf
sane.d
security
selinux
sensors3.conf
sensors.d
services
sgml
shadow
shadow-
shells
skel
snmp
speech-dispatcher
ssh
ssl
subgid
subgid-
subuid
subuid-
sudo.conf
sudoers
sudoers.d
sudo_logsrvd.conf
sv
sysctl.conf
sysctl.d
sysstat
systemd
terminfo
timezone
timidity
tmpfiles.d
ucf.conf
udev
udisks2
ufw
update-motd.d
UPower
usb_modeswitch.conf
usb_modeswitch.d
vdpau_wrapper.cfg
vim
vulkan
w3m
wgetrc
wodim.conf
wpa_supplicant
X11
xattr.conf
xdg
xml
